<?xml version="1.0" encoding="UTF-8" ?>
<testsuite errors="0" failures="0" hostname="stefano-K501UXM" name="it.drivek.cars.LeadServiceSpec" skipped="0" tests="3" time="2.36" timestamp="2017-06-07T08:31:08">
  <properties />
  <testcase classname="it.drivek.cars.LeadServiceSpec" name="test create of a Lead" time="2.206" />
  <testcase classname="it.drivek.cars.LeadServiceSpec" name="test update of a Lead" time="0.064" />
  <testcase classname="it.drivek.cars.LeadServiceSpec" name="test update of a VALID Lead" time="0.041" />
  <system-out><![CDATA[--Output from test create of a Lead--
--Output from test update of a Lead--
--Output from test update of a VALID Lead--
]]></system-out>
  <system-err><![CDATA[--Output from test create of a Lead--
--Output from test update of a Lead--
--Output from test update of a VALID Lead--
]]></system-err>
</testsuite>
